<?xml version="1.0" encoding="UTF-8"?>
<!-- Generated by org.testng.reporters.JUnitXMLReporter -->
<testsuite ignored="0" hostname="DESKTOP-CCNI10G" failures="1" tests="1" name="FlatEndtoEnd" time="70.473" errors="0" timestamp="2023-08-18T11:23:44 IST">
  <testcase classname="testNGLaHAddProp.Add_Prop_Res_Sell_Flat" name="Add_Prop" time="42.374">
    <failure type="org.openqa.selenium.ElementClickInterceptedException" message="element click intercepted: Element is not clickable at point (424, 605)
  (Session info: MicrosoftEdge=115.0.1901.203)
Build info: version: &amp;apos;4.8.3&amp;apos;, revision: &amp;apos;e5e76298c3&amp;apos;
System info: os.name: &amp;apos;Windows 10&amp;apos;, os.arch: &amp;apos;amd64&amp;apos;, os.version: &amp;apos;10.0&amp;apos;, java.version: &amp;apos;17.0.7&amp;apos;
Driver info: org.openqa.selenium.edge.EdgeDriver
Command: [fe499f347d8264fea00d413f87822869, clickElement {id=959FEDC45943B418D01E26D16B7FA0A4_element_198}]
Capabilities {acceptInsecureCerts: false, browserName: msedge, browserVersion: 115.0.1901.203, ms:edgeOptions: {debuggerAddress: localhost:52416}, msedge: {msedgedriverVersion: 115.0.1901.203 (a5a2b1779bc..., userDataDir: C:\Users\TECQNIO\AppData\Lo...}, networkConnectionEnabled: false, pageLoadStrategy: normal, platformName: WINDOWS, proxy: Proxy(), se:cdp: ws://localhost:52416/devtoo..., se:cdpVersion: 115.0.1901.203, setWindowRect: true, strictFileInteractability: false, timeouts: {implicit: 0, pageLoad: 300000, script: 30000}, unhandledPromptBehavior: dismiss and notify, webauthn:extension:credBlob: true, webauthn:extension:largeBlob: true, webauthn:extension:minPinLength: true, webauthn:extension:prf: true, webauthn:virtualAuthenticators: true}
Element: [[EdgeDriver: msedge on WINDOWS (fe499f347d8264fea00d413f87822869)] -&amp;gt; xpath: //label[text()=&amp;apos;Desperate sale&amp;apos;]]
Session ID: fe499f347d8264fea00d413f87822869">
      <![CDATA[org.openqa.selenium.ElementClickInterceptedException: element click intercepted: Element is not clickable at point (424, 605)
  (Session info: MicrosoftEdge=115.0.1901.203)
Build info: version: '4.8.3', revision: 'e5e76298c3'
System info: os.name: 'Windows 10', os.arch: 'amd64', os.version: '10.0', java.version: '17.0.7'
Driver info: org.openqa.selenium.edge.EdgeDriver
Command: [fe499f347d8264fea00d413f87822869, clickElement {id=959FEDC45943B418D01E26D16B7FA0A4_element_198}]
Capabilities {acceptInsecureCerts: false, browserName: msedge, browserVersion: 115.0.1901.203, ms:edgeOptions: {debuggerAddress: localhost:52416}, msedge: {msedgedriverVersion: 115.0.1901.203 (a5a2b1779bc..., userDataDir: C:\Users\TECQNIO\AppData\Lo...}, networkConnectionEnabled: false, pageLoadStrategy: normal, platformName: WINDOWS, proxy: Proxy(), se:cdp: ws://localhost:52416/devtoo..., se:cdpVersion: 115.0.1901.203, setWindowRect: true, strictFileInteractability: false, timeouts: {implicit: 0, pageLoad: 300000, script: 30000}, unhandledPromptBehavior: dismiss and notify, webauthn:extension:credBlob: true, webauthn:extension:largeBlob: true, webauthn:extension:minPinLength: true, webauthn:extension:prf: true, webauthn:virtualAuthenticators: true}
Element: [[EdgeDriver: msedge on WINDOWS (fe499f347d8264fea00d413f87822869)] -> xpath: //label[text()='Desperate sale']]
Session ID: fe499f347d8264fea00d413f87822869
at org.openqa.selenium.remote.codec.w3c.W3CHttpResponseCodec.createException(W3CHttpResponseCodec.java:200)
at org.openqa.selenium.remote.codec.w3c.W3CHttpResponseCodec.decode(W3CHttpResponseCodec.java:133)
at org.openqa.selenium.remote.codec.w3c.W3CHttpResponseCodec.decode(W3CHttpResponseCodec.java:53)
at org.openqa.selenium.remote.HttpCommandExecutor.execute(HttpCommandExecutor.java:193)
at org.openqa.selenium.remote.service.DriverCommandExecutor.invokeExecute(DriverCommandExecutor.java:183)
at org.openqa.selenium.remote.service.DriverCommandExecutor.execute(DriverCommandExecutor.java:158)
at org.openqa.selenium.remote.RemoteWebDriver.execute(RemoteWebDriver.java:543)
at org.openqa.selenium.remote.RemoteWebElement.execute(RemoteWebElement.java:257)
at org.openqa.selenium.remote.RemoteWebElement.click(RemoteWebElement.java:78)
at testNGLaHAddProp.Add_Prop_Res_Sell_Flat.Add_Prop(Add_Prop_Res_Sell_Flat.java:195)
at java.base/java.util.ArrayList.forEach(ArrayList.java:1511)
at java.base/java.util.concurrent.FutureTask.run(FutureTask.java:264)
at java.base/java.util.concurrent.ThreadPoolExecutor.runWorker(ThreadPoolExecutor.java:1136)
at java.base/java.util.concurrent.ThreadPoolExecutor$Worker.run(ThreadPoolExecutor.java:635)
at java.base/java.lang.Thread.run(Thread.java:833)
... Removed 22 stack frames]]>
    </failure>
  </testcase> <!-- Add_Prop -->
</testsuite> <!-- FlatEndtoEnd -->
